<?xml version="1.0" encoding="UTF-8"?>
<coverage generated="1687465054853" clover="3.2.0">
  <project timestamp="1687465054853" name="All files">
    <metrics statements="3" coveredstatements="3" conditionals="0" coveredconditionals="0" methods="2" coveredmethods="2" elements="5" coveredelements="5" complexity="0" loc="3" ncloc="3" packages="1" files="1" classes="1"/>
    <file name="moeda.js" path="C:\Users\endva\Desktop\Alura\front\ALura-Angular\React\react-native-criando-testes-para-sua-aplicacao-main\src\negocio\formatadores\moeda.js">
      <metrics statements="3" coveredstatements="3" conditionals="0" coveredconditionals="0" methods="2" coveredmethods="2"/>
      <line num="2" count="1" type="stmt"/>
      <line num="9" count="1" type="stmt"/>
      <line num="10" count="1" type="stmt"/>
    </file>
  </project>
</coverage>
