{"C:\\Users\\endva\\Desktop\\Alura\\front\\ALura-Angular\\React\\react-native-criando-testes-para-sua-aplicacao-main\\src\\negocio\\formatadores\\moeda.js": {"path":"C:\\Users\\endva\\Desktop\\Alura\\front\\ALura-Angular\\React\\react-native-criando-testes-para-sua-aplicacao-main\\src\\negocio\\formatadores\\moeda.js","statementMap":{"0":{"start":{"line":2,"column":2},"end":{"line":5,"column":19}},"1":{"start":{"line":9,"column":28},"end":{"line":9,"column":68}},"2":{"start":{"line":10,"column":2},"end":{"line":10,"column":39}}},"fnMap":{"0":{"name":"formataDecimalParaReal","decl":{"start":{"line":1,"column":16},"end":{"line":1,"column":38}},"loc":{"start":{"line":1,"column":46},"end":{"line":6,"column":1}},"line":1},"1":{"name":"formataBrasileiroParaDecimal","decl":{"start":{"line":8,"column":16},"end":{"line":8,"column":44}},"loc":{"start":{"line":8,"column":52},"end":{"line":11,"column":1}},"line":8}},"branchMap":{},"s":{"0":1,"1":1,"2":1},"f":{"0":1,"1":1},"b":{},"_coverageSchema":"1a1c01bbd47fc00a2c39e90264f33305004495a9","hash":"ac976d53c20d87c8a803e057293d2a0d71539eb0"}
}
