{"C:\\Users\\endva\\Desktop\\Alura\\front\\ALura-Angular\\React\\react-native-criando-testes-para-sua-aplicacao-main\\src\\telas\\Leilao\\componentes\\EnviaLance.js": {"path":"C:\\Users\\endva\\Desktop\\Alura\\front\\ALura-Angular\\React\\react-native-criando-testes-para-sua-aplicacao-main\\src\\telas\\Leilao\\componentes\\EnviaLance.js","statementMap":{"0":{"start":{"line":8,"column":28},"end":{"line":8,"column":40}},"1":{"start":{"line":9,"column":26},"end":{"line":9,"column":38}},"2":{"start":{"line":10,"column":32},"end":{"line":10,"column":44}},"3":{"start":{"line":11,"column":34},"end":{"line":11,"column":49}},"4":{"start":{"line":13,"column":18},"end":{"line":13,"column":42}},"5":{"start":{"line":15,"column":22},"end":{"line":30,"column":3}},"6":{"start":{"line":16,"column":4},"end":{"line":16,"column":22}},"7":{"start":{"line":17,"column":4},"end":{"line":17,"column":16}},"8":{"start":{"line":18,"column":4},"end":{"line":18,"column":19}},"9":{"start":{"line":20,"column":24},"end":{"line":20,"column":47}},"10":{"start":{"line":22,"column":4},"end":{"line":27,"column":5}},"11":{"start":{"line":23,"column":6},"end":{"line":23,"column":19}},"12":{"start":{"line":24,"column":6},"end":{"line":24,"column":30}},"13":{"start":{"line":26,"column":6},"end":{"line":26,"column":27}},"14":{"start":{"line":29,"column":4},"end":{"line":29,"column":23}},"15":{"start":{"line":32,"column":2},"end":{"line":49,"column":13}},"16":{"start":{"line":52,"column":22},"end":{"line":101,"column":2}},"17":{"start":{"line":52,"column":37},"end":{"line":101,"column":2}}},"fnMap":{"0":{"name":"EnviaLance","decl":{"start":{"line":7,"column":24},"end":{"line":7,"column":34}},"loc":{"start":{"line":7,"column":56},"end":{"line":50,"column":1}},"line":7},"1":{"name":"(anonymous_1)","decl":{"start":{"line":15,"column":22},"end":{"line":15,"column":23}},"loc":{"start":{"line":15,"column":34},"end":{"line":30,"column":3}},"line":15},"2":{"name":"(anonymous_2)","decl":{"start":{"line":52,"column":22},"end":{"line":52,"column":23}},"loc":{"start":{"line":52,"column":37},"end":{"line":101,"column":2}},"line":52}},"branchMap":{"0":{"loc":{"start":{"line":22,"column":4},"end":{"line":27,"column":5}},"type":"if","locations":[{"start":{"line":22,"column":4},"end":{"line":27,"column":5}},{"start":{"line":25,"column":11},"end":{"line":27,"column":5}}],"line":22},"1":{"loc":{"start":{"line":32,"column":30},"end":{"line":32,"column":62}},"type":"cond-expr","locations":[{"start":{"line":32,"column":54},"end":{"line":32,"column":56}},{"start":{"line":32,"column":59},"end":{"line":32,"column":62}}],"line":32},"2":{"loc":{"start":{"line":33,"column":5},"end":{"line":33,"column":55}},"type":"binary-expr","locations":[{"start":{"line":33,"column":5},"end":{"line":33,"column":11}},{"start":{"line":33,"column":15},"end":{"line":33,"column":55}}],"line":33},"3":{"loc":{"start":{"line":34,"column":5},"end":{"line":34,"column":64}},"type":"binary-expr","locations":[{"start":{"line":34,"column":5},"end":{"line":34,"column":14}},{"start":{"line":34,"column":18},"end":{"line":34,"column":64}}],"line":34},"4":{"loc":{"start":{"line":84,"column":17},"end":{"line":84,"column":45}},"type":"cond-expr","locations":[{"start":{"line":84,"column":24},"end":{"line":84,"column":33}},{"start":{"line":84,"column":36},"end":{"line":84,"column":45}}],"line":84},"5":{"loc":{"start":{"line":85,"column":11},"end":{"line":85,"column":39}},"type":"cond-expr","locations":[{"start":{"line":85,"column":18},"end":{"line":85,"column":27}},{"start":{"line":85,"column":30},"end":{"line":85,"column":39}}],"line":85}},"s":{"0":0,"1":0,"2":0,"3":0,"4":0,"5":0,"6":0,"7":0,"8":0,"9":0,"10":0,"11":0,"12":0,"13":0,"14":0,"15":0,"16":0,"17":0},"f":{"0":0,"1":0,"2":0},"b":{"0":[0,0],"1":[0,0],"2":[0,0],"3":[0,0],"4":[0,0],"5":[0,0]}}
}
