TN:
SF:src\hooks\useListaLeiloes.js
FN:4,useListaLeiloes
FN:7,(anonymous_1)
FN:12,(anonymous_2)
FNF:3
FNH:3
FNDA:3,useListaLeiloes
FNDA:2,(anonymous_1)
FNDA:1,(anonymous_2)
DA:5,3
DA:7,3
DA:8,2
DA:9,2
DA:12,3
DA:13,1
DA:16,3
LF:7
LH:7
BRF:0
BRH:0
end_of_record
TN:
SF:src\repositorio\leilao.js
FN:3,obtemLeiloes
FN:12,obtemLeilao
FNF:2
FNH:1
FNDA:2,obtemLeiloes
FNDA:0,obtemLeilao
DA:4,2
DA:5,2
DA:6,1
DA:8,1
DA:13,0
DA:14,0
DA:15,0
DA:17,0
LF:8
LH:4
BRF:0
BRH:0
end_of_record
TN:
SF:src\servicos\apiLeiloes.js
FNF:0
FNH:0
DA:4,2
LF:1
LH:1
BRF:0
BRH:0
end_of_record
